app/build/outputs/logs/manifest-merger-release-report.txt
-- Merging decision tree log ---
manifest
ADDED from src/main/AndroidManifest.xml:2:1-45:12
	xmlns:android
		ADDED from src/main/AndroidManifest.xml:2:11-69
	package
		ADDED from src/main/AndroidManifest.xml:3:5-25
		INJECTED from src/main/AndroidManifest.xml
		INJECTED from src/main/AndroidManifest.xml
	android:versionName
		INJECTED from src/main/AndroidManifest.xml
		INJECTED from src/main/AndroidManifest.xml
	android:versionCode
		INJECTED from src/main/AndroidManifest.xml
		INJECTED from src/main/AndroidManifest.xml
uses-permission#android.permission.WRITE_EXTERNAL_STORAGE
ADDED from src/main/AndroidManifest.xml:4:5-81
	android:name
		ADDED from src/main/AndroidManifest.xml:4:22-78
uses-permission#android.permission.INTERNET
ADDED from src/main/AndroidManifest.xml:5:5-66
	android:name
		ADDED from src/main/AndroidManifest.xml:5:22-64
uses-permission#android.permission.ACCESS_NETWORK_STATE
ADDED from src/main/AndroidManifest.xml:6:5-79
	android:name
		ADDED from src/main/AndroidManifest.xml:6:22-76
uses-permission#android.permission.READ_PHONE_STATE
ADDED from src/main/AndroidManifest.xml:7:5-75
	android:name
		ADDED from src/main/AndroidManifest.xml:7:22-72
uses-permission#android.permission.ACCESS_WIFI_STATE
ADDED from src/main/AndroidManifest.xml:8:5-76
	android:name
		ADDED from src/main/AndroidManifest.xml:8:22-73
application
ADDED from src/main/AndroidManifest.xml:11:5-43:19
MERGED from [com.android.support:appcompat-v7:23.1.1] AndroidManifest.xml:22:5-20
MERGED from [com.android.support:support-v4:23.1.1] AndroidManifest.xml:22:5-20
MERGED from [com.android.support:cardview-v7:23.0.1] AndroidManifest.xml:22:5-20
MERGED from [com.android.support:support-v4:23.1.1] AndroidManifest.xml:22:5-20
	android:supportsRtl
		ADDED from src/main/AndroidManifest.xml:16:9-35
	android:label
		ADDED from src/main/AndroidManifest.xml:15:9-41
	android:allowBackup
		ADDED from src/main/AndroidManifest.xml:13:9-35
	android:icon
		ADDED from src/main/AndroidManifest.xml:14:9-43
	android:theme
		ADDED from src/main/AndroidManifest.xml:17:9-40
	android:name
		ADDED from src/main/AndroidManifest.xml:12:9-46
service#com.avos.avoscloud.PushService
ADDED from src/main/AndroidManifest.xml:18:9-65
	android:name
		ADDED from src/main/AndroidManifest.xml:18:18-63
receiver#com.avos.avoscloud.AVBroadcastReceiver
ADDED from src/main/AndroidManifest.xml:19:9-24:20
	android:name
		ADDED from src/main/AndroidManifest.xml:19:19-72
intent-filter#android.intent.action.BOOT_COMPLETED+android.intent.action.USER_PRESENT
ADDED from src/main/AndroidManifest.xml:20:13-23:29
action#android.intent.action.BOOT_COMPLETED
ADDED from src/main/AndroidManifest.xml:21:17-78
	android:name
		ADDED from src/main/AndroidManifest.xml:21:25-76
action#android.intent.action.USER_PRESENT
ADDED from src/main/AndroidManifest.xml:22:17-76
	android:name
		ADDED from src/main/AndroidManifest.xml:22:25-74
activity#com.freego.activity.LoginActivity
ADDED from src/main/AndroidManifest.xml:25:9-60
	android:name
		ADDED from src/main/AndroidManifest.xml:25:19-57
activity#com.freego.activity.HomepageActivity
ADDED from src/main/AndroidManifest.xml:26:9-63
	android:name
		ADDED from src/main/AndroidManifest.xml:26:19-60
activity#com.freego.activity.WelcomeActivity
ADDED from src/main/AndroidManifest.xml:28:9-34:20
	android:name
		ADDED from src/main/AndroidManifest.xml:28:19-59
intent-filter#android.intent.action.MAIN+android.intent.category.LAUNCHER
ADDED from src/main/AndroidManifest.xml:29:13-33:29
action#android.intent.action.MAIN
ADDED from src/main/AndroidManifest.xml:30:17-69
	android:name
		ADDED from src/main/AndroidManifest.xml:30:25-66
category#android.intent.category.LAUNCHER
ADDED from src/main/AndroidManifest.xml:32:17-77
	android:name
		ADDED from src/main/AndroidManifest.xml:32:27-74
activity#com.freego.activity.HotelListActivity
ADDED from src/main/AndroidManifest.xml:35:9-64
	android:name
		ADDED from src/main/AndroidManifest.xml:35:19-61
activity#com.freego.activity.HostInfoActivity
ADDED from src/main/AndroidManifest.xml:36:9-63
	android:name
		ADDED from src/main/AndroidManifest.xml:36:19-60
activity#com.freego.activity.MyStoryActivity
ADDED from src/main/AndroidManifest.xml:37:9-62
	android:name
		ADDED from src/main/AndroidManifest.xml:37:19-59
activity#com.freego.activity.MyHotelActivity
ADDED from src/main/AndroidManifest.xml:38:9-62
	android:name
		ADDED from src/main/AndroidManifest.xml:38:19-59
activity#com.freego.activity.HostEditActivity
ADDED from src/main/AndroidManifest.xml:39:9-63
	android:name
		ADDED from src/main/AndroidManifest.xml:39:19-60
activity#com.freego.activity.BaseActivity
ADDED from src/main/AndroidManifest.xml:40:9-58
	android:name
		ADDED from src/main/AndroidManifest.xml:40:19-56
activity#com.freego.activity.NotesActivity
ADDED from src/main/AndroidManifest.xml:41:9-59
	android:name
		ADDED from src/main/AndroidManifest.xml:41:19-57
activity#com.freego.activity.ChatUserActivity
ADDED from src/main/AndroidManifest.xml:42:9-62
	android:name
		ADDED from src/main/AndroidManifest.xml:42:19-60
uses-sdk
INJECTED from src/main/AndroidManifest.xml reason: use-sdk injection requested
MERGED from [com.android.support:appcompat-v7:23.1.1] AndroidManifest.xml:20:5-43
MERGED from [com.android.support:support-v4:23.1.1] AndroidManifest.xml:20:5-43
MERGED from [com.android.support:cardview-v7:23.0.1] AndroidManifest.xml:20:5-43
MERGED from [com.android.support:recyclerview-v7:23.0.1] AndroidManifest.xml:20:5-43
MERGED from [com.android.support:support-v4:23.1.1] AndroidManifest.xml:20:5-43
	android:targetSdkVersion
		INJECTED from src/main/AndroidManifest.xml
		INJECTED from src/main/AndroidManifest.xml
	android:minSdkVersion
		INJECTED from src/main/AndroidManifest.xml
		INJECTED from src/main/AndroidManifest.xml